2021-03-22 15:56:15.595 [main] FATAL PageFactory - Unable to instantiate PageObject
java.lang.reflect.InvocationTargetException: null
	at jdk.internal.reflect.NativeConstructorAccessorImpl.newInstance0(Native Method) ~[?:?]
	at jdk.internal.reflect.NativeConstructorAccessorImpl.newInstance(NativeConstructorAccessorImpl.java:62) ~[?:?]
	at jdk.internal.reflect.DelegatingConstructorAccessorImpl.newInstance(DelegatingConstructorAccessorImpl.java:45) ~[?:?]
	at java.lang.reflect.Constructor.newInstance(Constructor.java:490) ~[?:?]
	at com.frameworkium.core.ui.pages.PageFactory.instantiatePageObject(PageFactory.java:36) [frameworkium-core-4.0.0-BETA1.jar:?]
	at com.frameworkium.core.ui.pages.PageFactory.newInstance(PageFactory.java:26) [frameworkium-core-4.0.0-BETA1.jar:?]
	at posmy.interview.qa.pages.GoogleHomePage.open(GoogleHomePage.java:19) [test-classes/:?]
	at posmy.interview.qa.glue.StepDefinition.i_am_on_google_search_page(StepDefinition.java:16) [test-classes/:?]
	at jdk.internal.reflect.NativeMethodAccessorImpl.invoke0(Native Method) ~[?:?]
	at jdk.internal.reflect.NativeMethodAccessorImpl.invoke(NativeMethodAccessorImpl.java:62) ~[?:?]
	at jdk.internal.reflect.DelegatingMethodAccessorImpl.invoke(DelegatingMethodAccessorImpl.java:43) ~[?:?]
	at java.lang.reflect.Method.invoke(Method.java:566) ~[?:?]
	at io.cucumber.java.Invoker.doInvoke(Invoker.java:66) [cucumber-java-6.10.2.jar:6.10.2]
	at io.cucumber.java.Invoker.invoke(Invoker.java:24) [cucumber-java-6.10.2.jar:6.10.2]
	at io.cucumber.java.AbstractGlueDefinition.invokeMethod(AbstractGlueDefinition.java:47) [cucumber-java-6.10.2.jar:6.10.2]
	at io.cucumber.java.JavaStepDefinition.execute(JavaStepDefinition.java:29) [cucumber-java-6.10.2.jar:6.10.2]
	at io.cucumber.core.runner.CoreStepDefinition.execute(CoreStepDefinition.java:66) [cucumber-core-6.10.2.jar:6.10.2]
	at io.cucumber.core.runner.PickleStepDefinitionMatch.runStep(PickleStepDefinitionMatch.java:63) [cucumber-core-6.10.2.jar:6.10.2]
	at io.cucumber.core.runner.ExecutionMode$1.execute(ExecutionMode.java:10) [cucumber-core-6.10.2.jar:6.10.2]
	at io.cucumber.core.runner.TestStep.executeStep(TestStep.java:92) [cucumber-core-6.10.2.jar:6.10.2]
	at io.cucumber.core.runner.TestStep.run(TestStep.java:64) [cucumber-core-6.10.2.jar:6.10.2]
	at io.cucumber.core.runner.PickleStepTestStep.run(PickleStepTestStep.java:51) [cucumber-core-6.10.2.jar:6.10.2]
	at io.cucumber.core.runner.TestCase.run(TestCase.java:104) [cucumber-core-6.10.2.jar:6.10.2]
	at io.cucumber.core.runner.Runner.runPickle(Runner.java:73) [cucumber-core-6.10.2.jar:6.10.2]
	at io.cucumber.junit.PickleRunners$NoStepDescriptions.run(PickleRunners.java:151) [cucumber-junit-6.10.2.jar:6.10.2]
	at io.cucumber.junit.FeatureRunner.runChild(FeatureRunner.java:135) [cucumber-junit-6.10.2.jar:6.10.2]
	at io.cucumber.junit.FeatureRunner.runChild(FeatureRunner.java:27) [cucumber-junit-6.10.2.jar:6.10.2]
	at org.junit.runners.ParentRunner$4.run(ParentRunner.java:331) [junit-4.13.2.jar:4.13.2]
	at org.junit.runners.ParentRunner$1.schedule(ParentRunner.java:79) [junit-4.13.2.jar:4.13.2]
	at org.junit.runners.ParentRunner.runChildren(ParentRunner.java:329) [junit-4.13.2.jar:4.13.2]
	at org.junit.runners.ParentRunner.access$100(ParentRunner.java:66) [junit-4.13.2.jar:4.13.2]
	at org.junit.runners.ParentRunner$2.evaluate(ParentRunner.java:293) [junit-4.13.2.jar:4.13.2]
	at org.junit.runners.ParentRunner$3.evaluate(ParentRunner.java:306) [junit-4.13.2.jar:4.13.2]
	at org.junit.runners.ParentRunner.run(ParentRunner.java:413) [junit-4.13.2.jar:4.13.2]
	at io.cucumber.junit.Cucumber.runChild(Cucumber.java:200) [cucumber-junit-6.10.2.jar:6.10.2]
	at io.cucumber.junit.Cucumber.runChild(Cucumber.java:90) [cucumber-junit-6.10.2.jar:6.10.2]
	at org.junit.runners.ParentRunner$4.run(ParentRunner.java:331) [junit-4.13.2.jar:4.13.2]
	at org.junit.runners.ParentRunner$1.schedule(ParentRunner.java:79) [junit-4.13.2.jar:4.13.2]
	at org.junit.runners.ParentRunner.runChildren(ParentRunner.java:329) [junit-4.13.2.jar:4.13.2]
	at org.junit.runners.ParentRunner.access$100(ParentRunner.java:66) [junit-4.13.2.jar:4.13.2]
	at org.junit.runners.ParentRunner$2.evaluate(ParentRunner.java:293) [junit-4.13.2.jar:4.13.2]
	at io.cucumber.junit.Cucumber$RunCucumber.evaluate(Cucumber.java:235) [cucumber-junit-6.10.2.jar:6.10.2]
	at org.junit.runners.ParentRunner$3.evaluate(ParentRunner.java:306) [junit-4.13.2.jar:4.13.2]
	at org.junit.runners.ParentRunner.run(ParentRunner.java:413) [junit-4.13.2.jar:4.13.2]
	at org.junit.runner.JUnitCore.run(JUnitCore.java:137) [junit-4.13.2.jar:4.13.2]
	at com.intellij.junit4.JUnit4IdeaTestRunner.startRunnerWithArgs(JUnit4IdeaTestRunner.java:69) [junit-rt.jar:?]
	at com.intellij.rt.junit.IdeaTestRunner$Repeater.startRunnerWithArgs(IdeaTestRunner.java:33) [junit-rt.jar:?]
	at com.intellij.rt.junit.JUnitStarter.prepareStreamsAndStart(JUnitStarter.java:220) [junit-rt.jar:?]
	at com.intellij.rt.junit.JUnitStarter.main(JUnitStarter.java:53) [junit-rt.jar:?]
Caused by: java.lang.NullPointerException
	at com.frameworkium.core.ui.UITestLifecycle.getWebDriver(UITestLifecycle.java:138) ~[frameworkium-core-4.0.0-BETA1.jar:?]
	at com.frameworkium.core.ui.pages.BasePage.<init>(BasePage.java:28) ~[frameworkium-core-4.0.0-BETA1.jar:?]
	at posmy.interview.qa.pages.GoogleHomePage.<init>(GoogleHomePage.java:12) ~[test-classes/:?]
	... 49 more
2021-03-22 15:57:31.531 [main] FATAL PageFactory - Unable to instantiate PageObject
java.lang.reflect.InvocationTargetException: null
	at jdk.internal.reflect.NativeConstructorAccessorImpl.newInstance0(Native Method) ~[?:?]
	at jdk.internal.reflect.NativeConstructorAccessorImpl.newInstance(NativeConstructorAccessorImpl.java:62) ~[?:?]
	at jdk.internal.reflect.DelegatingConstructorAccessorImpl.newInstance(DelegatingConstructorAccessorImpl.java:45) ~[?:?]
	at java.lang.reflect.Constructor.newInstance(Constructor.java:490) ~[?:?]
	at com.frameworkium.core.ui.pages.PageFactory.instantiatePageObject(PageFactory.java:36) [frameworkium-core-4.0.0-BETA1.jar:?]
	at com.frameworkium.core.ui.pages.PageFactory.newInstance(PageFactory.java:26) [frameworkium-core-4.0.0-BETA1.jar:?]
	at posmy.interview.qa.pages.GoogleHomePage.open(GoogleHomePage.java:19) [test-classes/:?]
	at posmy.interview.qa.glue.StepDefinition.i_am_on_google_search_page(StepDefinition.java:16) [test-classes/:?]
	at jdk.internal.reflect.NativeMethodAccessorImpl.invoke0(Native Method) ~[?:?]
	at jdk.internal.reflect.NativeMethodAccessorImpl.invoke(NativeMethodAccessorImpl.java:62) ~[?:?]
	at jdk.internal.reflect.DelegatingMethodAccessorImpl.invoke(DelegatingMethodAccessorImpl.java:43) ~[?:?]
	at java.lang.reflect.Method.invoke(Method.java:566) ~[?:?]
	at io.cucumber.java.Invoker.doInvoke(Invoker.java:66) [cucumber-java-6.10.2.jar:6.10.2]
	at io.cucumber.java.Invoker.invoke(Invoker.java:24) [cucumber-java-6.10.2.jar:6.10.2]
	at io.cucumber.java.AbstractGlueDefinition.invokeMethod(AbstractGlueDefinition.java:47) [cucumber-java-6.10.2.jar:6.10.2]
	at io.cucumber.java.JavaStepDefinition.execute(JavaStepDefinition.java:29) [cucumber-java-6.10.2.jar:6.10.2]
	at io.cucumber.core.runner.CoreStepDefinition.execute(CoreStepDefinition.java:66) [cucumber-core-6.10.2.jar:6.10.2]
	at io.cucumber.core.runner.PickleStepDefinitionMatch.runStep(PickleStepDefinitionMatch.java:63) [cucumber-core-6.10.2.jar:6.10.2]
	at io.cucumber.core.runner.ExecutionMode$1.execute(ExecutionMode.java:10) [cucumber-core-6.10.2.jar:6.10.2]
	at io.cucumber.core.runner.TestStep.executeStep(TestStep.java:92) [cucumber-core-6.10.2.jar:6.10.2]
	at io.cucumber.core.runner.TestStep.run(TestStep.java:64) [cucumber-core-6.10.2.jar:6.10.2]
	at io.cucumber.core.runner.PickleStepTestStep.run(PickleStepTestStep.java:51) [cucumber-core-6.10.2.jar:6.10.2]
	at io.cucumber.core.runner.TestCase.run(TestCase.java:104) [cucumber-core-6.10.2.jar:6.10.2]
	at io.cucumber.core.runner.Runner.runPickle(Runner.java:73) [cucumber-core-6.10.2.jar:6.10.2]
	at io.cucumber.junit.PickleRunners$NoStepDescriptions.run(PickleRunners.java:151) [cucumber-junit-6.10.2.jar:6.10.2]
	at io.cucumber.junit.FeatureRunner.runChild(FeatureRunner.java:135) [cucumber-junit-6.10.2.jar:6.10.2]
	at io.cucumber.junit.FeatureRunner.runChild(FeatureRunner.java:27) [cucumber-junit-6.10.2.jar:6.10.2]
	at org.junit.runners.ParentRunner$4.run(ParentRunner.java:331) [junit-4.13.2.jar:4.13.2]
	at org.junit.runners.ParentRunner$1.schedule(ParentRunner.java:79) [junit-4.13.2.jar:4.13.2]
	at org.junit.runners.ParentRunner.runChildren(ParentRunner.java:329) [junit-4.13.2.jar:4.13.2]
	at org.junit.runners.ParentRunner.access$100(ParentRunner.java:66) [junit-4.13.2.jar:4.13.2]
	at org.junit.runners.ParentRunner$2.evaluate(ParentRunner.java:293) [junit-4.13.2.jar:4.13.2]
	at org.junit.runners.ParentRunner$3.evaluate(ParentRunner.java:306) [junit-4.13.2.jar:4.13.2]
	at org.junit.runners.ParentRunner.run(ParentRunner.java:413) [junit-4.13.2.jar:4.13.2]
	at io.cucumber.junit.Cucumber.runChild(Cucumber.java:200) [cucumber-junit-6.10.2.jar:6.10.2]
	at io.cucumber.junit.Cucumber.runChild(Cucumber.java:90) [cucumber-junit-6.10.2.jar:6.10.2]
	at org.junit.runners.ParentRunner$4.run(ParentRunner.java:331) [junit-4.13.2.jar:4.13.2]
	at org.junit.runners.ParentRunner$1.schedule(ParentRunner.java:79) [junit-4.13.2.jar:4.13.2]
	at org.junit.runners.ParentRunner.runChildren(ParentRunner.java:329) [junit-4.13.2.jar:4.13.2]
	at org.junit.runners.ParentRunner.access$100(ParentRunner.java:66) [junit-4.13.2.jar:4.13.2]
	at org.junit.runners.ParentRunner$2.evaluate(ParentRunner.java:293) [junit-4.13.2.jar:4.13.2]
	at io.cucumber.junit.Cucumber$RunCucumber.evaluate(Cucumber.java:235) [cucumber-junit-6.10.2.jar:6.10.2]
	at org.junit.runners.ParentRunner$3.evaluate(ParentRunner.java:306) [junit-4.13.2.jar:4.13.2]
	at org.junit.runners.ParentRunner.run(ParentRunner.java:413) [junit-4.13.2.jar:4.13.2]
	at org.junit.runner.JUnitCore.run(JUnitCore.java:137) [junit-4.13.2.jar:4.13.2]
	at com.intellij.junit4.JUnit4IdeaTestRunner.startRunnerWithArgs(JUnit4IdeaTestRunner.java:69) [junit-rt.jar:?]
	at com.intellij.rt.junit.IdeaTestRunner$Repeater.startRunnerWithArgs(IdeaTestRunner.java:33) [junit-rt.jar:?]
	at com.intellij.rt.junit.JUnitStarter.prepareStreamsAndStart(JUnitStarter.java:220) [junit-rt.jar:?]
	at com.intellij.rt.junit.JUnitStarter.main(JUnitStarter.java:53) [junit-rt.jar:?]
Caused by: java.lang.NullPointerException
	at com.frameworkium.core.ui.UITestLifecycle.getWebDriver(UITestLifecycle.java:138) ~[frameworkium-core-4.0.0-BETA1.jar:?]
	at com.frameworkium.core.ui.pages.BasePage.<init>(BasePage.java:28) ~[frameworkium-core-4.0.0-BETA1.jar:?]
	at posmy.interview.qa.pages.GoogleHomePage.<init>(GoogleHomePage.java:12) ~[test-classes/:?]
	... 49 more
2021-03-22 15:57:49.261 [main] FATAL PageFactory - Unable to instantiate PageObject
java.lang.reflect.InvocationTargetException: null
	at jdk.internal.reflect.NativeConstructorAccessorImpl.newInstance0(Native Method) ~[?:?]
	at jdk.internal.reflect.NativeConstructorAccessorImpl.newInstance(NativeConstructorAccessorImpl.java:62) ~[?:?]
	at jdk.internal.reflect.DelegatingConstructorAccessorImpl.newInstance(DelegatingConstructorAccessorImpl.java:45) ~[?:?]
	at java.lang.reflect.Constructor.newInstance(Constructor.java:490) ~[?:?]
	at com.frameworkium.core.ui.pages.PageFactory.instantiatePageObject(PageFactory.java:36) [frameworkium-core-4.0.0-BETA1.jar:?]
	at com.frameworkium.core.ui.pages.PageFactory.newInstance(PageFactory.java:26) [frameworkium-core-4.0.0-BETA1.jar:?]
	at posmy.interview.qa.pages.GoogleHomePage.open(GoogleHomePage.java:19) [test-classes/:?]
	at posmy.interview.qa.glue.StepDefinition.i_am_on_google_search_page(StepDefinition.java:16) [test-classes/:?]
	at jdk.internal.reflect.NativeMethodAccessorImpl.invoke0(Native Method) ~[?:?]
	at jdk.internal.reflect.NativeMethodAccessorImpl.invoke(NativeMethodAccessorImpl.java:62) ~[?:?]
	at jdk.internal.reflect.DelegatingMethodAccessorImpl.invoke(DelegatingMethodAccessorImpl.java:43) ~[?:?]
	at java.lang.reflect.Method.invoke(Method.java:566) ~[?:?]
	at io.cucumber.java.Invoker.doInvoke(Invoker.java:66) [cucumber-java-6.10.2.jar:6.10.2]
	at io.cucumber.java.Invoker.invoke(Invoker.java:24) [cucumber-java-6.10.2.jar:6.10.2]
	at io.cucumber.java.AbstractGlueDefinition.invokeMethod(AbstractGlueDefinition.java:47) [cucumber-java-6.10.2.jar:6.10.2]
	at io.cucumber.java.JavaStepDefinition.execute(JavaStepDefinition.java:29) [cucumber-java-6.10.2.jar:6.10.2]
	at io.cucumber.core.runner.CoreStepDefinition.execute(CoreStepDefinition.java:66) [cucumber-core-6.10.2.jar:6.10.2]
	at io.cucumber.core.runner.PickleStepDefinitionMatch.runStep(PickleStepDefinitionMatch.java:63) [cucumber-core-6.10.2.jar:6.10.2]
	at io.cucumber.core.runner.ExecutionMode$1.execute(ExecutionMode.java:10) [cucumber-core-6.10.2.jar:6.10.2]
	at io.cucumber.core.runner.TestStep.executeStep(TestStep.java:92) [cucumber-core-6.10.2.jar:6.10.2]
	at io.cucumber.core.runner.TestStep.run(TestStep.java:64) [cucumber-core-6.10.2.jar:6.10.2]
	at io.cucumber.core.runner.PickleStepTestStep.run(PickleStepTestStep.java:51) [cucumber-core-6.10.2.jar:6.10.2]
	at io.cucumber.core.runner.TestCase.run(TestCase.java:104) [cucumber-core-6.10.2.jar:6.10.2]
	at io.cucumber.core.runner.Runner.runPickle(Runner.java:73) [cucumber-core-6.10.2.jar:6.10.2]
	at io.cucumber.junit.PickleRunners$NoStepDescriptions.run(PickleRunners.java:151) [cucumber-junit-6.10.2.jar:6.10.2]
	at io.cucumber.junit.FeatureRunner.runChild(FeatureRunner.java:135) [cucumber-junit-6.10.2.jar:6.10.2]
	at io.cucumber.junit.FeatureRunner.runChild(FeatureRunner.java:27) [cucumber-junit-6.10.2.jar:6.10.2]
	at org.junit.runners.ParentRunner$4.run(ParentRunner.java:331) [junit-4.13.2.jar:4.13.2]
	at org.junit.runners.ParentRunner$1.schedule(ParentRunner.java:79) [junit-4.13.2.jar:4.13.2]
	at org.junit.runners.ParentRunner.runChildren(ParentRunner.java:329) [junit-4.13.2.jar:4.13.2]
	at org.junit.runners.ParentRunner.access$100(ParentRunner.java:66) [junit-4.13.2.jar:4.13.2]
	at org.junit.runners.ParentRunner$2.evaluate(ParentRunner.java:293) [junit-4.13.2.jar:4.13.2]
	at org.junit.runners.ParentRunner$3.evaluate(ParentRunner.java:306) [junit-4.13.2.jar:4.13.2]
	at org.junit.runners.ParentRunner.run(ParentRunner.java:413) [junit-4.13.2.jar:4.13.2]
	at io.cucumber.junit.Cucumber.runChild(Cucumber.java:200) [cucumber-junit-6.10.2.jar:6.10.2]
	at io.cucumber.junit.Cucumber.runChild(Cucumber.java:90) [cucumber-junit-6.10.2.jar:6.10.2]
	at org.junit.runners.ParentRunner$4.run(ParentRunner.java:331) [junit-4.13.2.jar:4.13.2]
	at org.junit.runners.ParentRunner$1.schedule(ParentRunner.java:79) [junit-4.13.2.jar:4.13.2]
	at org.junit.runners.ParentRunner.runChildren(ParentRunner.java:329) [junit-4.13.2.jar:4.13.2]
	at org.junit.runners.ParentRunner.access$100(ParentRunner.java:66) [junit-4.13.2.jar:4.13.2]
	at org.junit.runners.ParentRunner$2.evaluate(ParentRunner.java:293) [junit-4.13.2.jar:4.13.2]
	at io.cucumber.junit.Cucumber$RunCucumber.evaluate(Cucumber.java:235) [cucumber-junit-6.10.2.jar:6.10.2]
	at org.junit.runners.ParentRunner$3.evaluate(ParentRunner.java:306) [junit-4.13.2.jar:4.13.2]
	at org.junit.runners.ParentRunner.run(ParentRunner.java:413) [junit-4.13.2.jar:4.13.2]
	at org.junit.runner.JUnitCore.run(JUnitCore.java:137) [junit-4.13.2.jar:4.13.2]
	at com.intellij.junit4.JUnit4IdeaTestRunner.startRunnerWithArgs(JUnit4IdeaTestRunner.java:69) [junit-rt.jar:?]
	at com.intellij.rt.junit.IdeaTestRunner$Repeater.startRunnerWithArgs(IdeaTestRunner.java:33) [junit-rt.jar:?]
	at com.intellij.rt.junit.JUnitStarter.prepareStreamsAndStart(JUnitStarter.java:220) [junit-rt.jar:?]
	at com.intellij.rt.junit.JUnitStarter.main(JUnitStarter.java:53) [junit-rt.jar:?]
Caused by: java.lang.NullPointerException
	at com.frameworkium.core.ui.UITestLifecycle.getWebDriver(UITestLifecycle.java:138) ~[frameworkium-core-4.0.0-BETA1.jar:?]
	at com.frameworkium.core.ui.pages.BasePage.<init>(BasePage.java:28) ~[frameworkium-core-4.0.0-BETA1.jar:?]
	at posmy.interview.qa.pages.GoogleHomePage.<init>(GoogleHomePage.java:12) ~[test-classes/:?]
	... 49 more
2021-03-22 17:38:24.651 [main] FATAL PageFactory - Unable to instantiate PageObject
java.lang.reflect.InvocationTargetException: null
	at jdk.internal.reflect.NativeConstructorAccessorImpl.newInstance0(Native Method) ~[?:?]
	at jdk.internal.reflect.NativeConstructorAccessorImpl.newInstance(NativeConstructorAccessorImpl.java:62) ~[?:?]
	at jdk.internal.reflect.DelegatingConstructorAccessorImpl.newInstance(DelegatingConstructorAccessorImpl.java:45) ~[?:?]
	at java.lang.reflect.Constructor.newInstance(Constructor.java:490) ~[?:?]
	at com.frameworkium.core.ui.pages.PageFactory.instantiatePageObject(PageFactory.java:36) [frameworkium-core-4.0.0-BETA1.jar:?]
	at com.frameworkium.core.ui.pages.PageFactory.newInstance(PageFactory.java:26) [frameworkium-core-4.0.0-BETA1.jar:?]
	at posmy.interview.qa.pages.GoogleHomePage.open(GoogleHomePage.java:19) [test-classes/:?]
	at posmy.interview.qa.glue.StepDefinition.i_am_on_google_search_page(StepDefinition.java:14) [test-classes/:?]
	at jdk.internal.reflect.NativeMethodAccessorImpl.invoke0(Native Method) ~[?:?]
	at jdk.internal.reflect.NativeMethodAccessorImpl.invoke(NativeMethodAccessorImpl.java:62) ~[?:?]
	at jdk.internal.reflect.DelegatingMethodAccessorImpl.invoke(DelegatingMethodAccessorImpl.java:43) ~[?:?]
	at java.lang.reflect.Method.invoke(Method.java:566) ~[?:?]
	at io.cucumber.java.Invoker.doInvoke(Invoker.java:66) [cucumber-java-6.10.2.jar:6.10.2]
	at io.cucumber.java.Invoker.invoke(Invoker.java:24) [cucumber-java-6.10.2.jar:6.10.2]
	at io.cucumber.java.AbstractGlueDefinition.invokeMethod(AbstractGlueDefinition.java:47) [cucumber-java-6.10.2.jar:6.10.2]
	at io.cucumber.java.JavaStepDefinition.execute(JavaStepDefinition.java:29) [cucumber-java-6.10.2.jar:6.10.2]
	at io.cucumber.core.runner.CoreStepDefinition.execute(CoreStepDefinition.java:66) [cucumber-core-6.10.2.jar:6.10.2]
	at io.cucumber.core.runner.PickleStepDefinitionMatch.runStep(PickleStepDefinitionMatch.java:63) [cucumber-core-6.10.2.jar:6.10.2]
	at io.cucumber.core.runner.ExecutionMode$1.execute(ExecutionMode.java:10) [cucumber-core-6.10.2.jar:6.10.2]
	at io.cucumber.core.runner.TestStep.executeStep(TestStep.java:92) [cucumber-core-6.10.2.jar:6.10.2]
	at io.cucumber.core.runner.TestStep.run(TestStep.java:64) [cucumber-core-6.10.2.jar:6.10.2]
	at io.cucumber.core.runner.PickleStepTestStep.run(PickleStepTestStep.java:51) [cucumber-core-6.10.2.jar:6.10.2]
	at io.cucumber.core.runner.TestCase.run(TestCase.java:104) [cucumber-core-6.10.2.jar:6.10.2]
	at io.cucumber.core.runner.Runner.runPickle(Runner.java:73) [cucumber-core-6.10.2.jar:6.10.2]
	at io.cucumber.junit.PickleRunners$NoStepDescriptions.run(PickleRunners.java:151) [cucumber-junit-6.10.2.jar:6.10.2]
	at io.cucumber.junit.FeatureRunner.runChild(FeatureRunner.java:135) [cucumber-junit-6.10.2.jar:6.10.2]
	at io.cucumber.junit.FeatureRunner.runChild(FeatureRunner.java:27) [cucumber-junit-6.10.2.jar:6.10.2]
	at org.junit.runners.ParentRunner$4.run(ParentRunner.java:331) [junit-4.13.2.jar:4.13.2]
	at org.junit.runners.ParentRunner$1.schedule(ParentRunner.java:79) [junit-4.13.2.jar:4.13.2]
	at org.junit.runners.ParentRunner.runChildren(ParentRunner.java:329) [junit-4.13.2.jar:4.13.2]
	at org.junit.runners.ParentRunner.access$100(ParentRunner.java:66) [junit-4.13.2.jar:4.13.2]
	at org.junit.runners.ParentRunner$2.evaluate(ParentRunner.java:293) [junit-4.13.2.jar:4.13.2]
	at org.junit.runners.ParentRunner$3.evaluate(ParentRunner.java:306) [junit-4.13.2.jar:4.13.2]
	at org.junit.runners.ParentRunner.run(ParentRunner.java:413) [junit-4.13.2.jar:4.13.2]
	at io.cucumber.junit.Cucumber.runChild(Cucumber.java:200) [cucumber-junit-6.10.2.jar:6.10.2]
	at io.cucumber.junit.Cucumber.runChild(Cucumber.java:90) [cucumber-junit-6.10.2.jar:6.10.2]
	at org.junit.runners.ParentRunner$4.run(ParentRunner.java:331) [junit-4.13.2.jar:4.13.2]
	at org.junit.runners.ParentRunner$1.schedule(ParentRunner.java:79) [junit-4.13.2.jar:4.13.2]
	at org.junit.runners.ParentRunner.runChildren(ParentRunner.java:329) [junit-4.13.2.jar:4.13.2]
	at org.junit.runners.ParentRunner.access$100(ParentRunner.java:66) [junit-4.13.2.jar:4.13.2]
	at org.junit.runners.ParentRunner$2.evaluate(ParentRunner.java:293) [junit-4.13.2.jar:4.13.2]
	at io.cucumber.junit.Cucumber$RunCucumber.evaluate(Cucumber.java:235) [cucumber-junit-6.10.2.jar:6.10.2]
	at org.junit.runners.ParentRunner$3.evaluate(ParentRunner.java:306) [junit-4.13.2.jar:4.13.2]
	at org.junit.runners.ParentRunner.run(ParentRunner.java:413) [junit-4.13.2.jar:4.13.2]
	at org.junit.runner.JUnitCore.run(JUnitCore.java:137) [junit-4.13.2.jar:4.13.2]
	at com.intellij.junit4.JUnit4IdeaTestRunner.startRunnerWithArgs(JUnit4IdeaTestRunner.java:69) [junit-rt.jar:?]
	at com.intellij.rt.junit.IdeaTestRunner$Repeater.startRunnerWithArgs(IdeaTestRunner.java:33) [junit-rt.jar:?]
	at com.intellij.rt.junit.JUnitStarter.prepareStreamsAndStart(JUnitStarter.java:220) [junit-rt.jar:?]
	at com.intellij.rt.junit.JUnitStarter.main(JUnitStarter.java:53) [junit-rt.jar:?]
Caused by: java.lang.NullPointerException
	at com.frameworkium.core.ui.UITestLifecycle.getWebDriver(UITestLifecycle.java:138) ~[frameworkium-core-4.0.0-BETA1.jar:?]
	at com.frameworkium.core.ui.pages.BasePage.<init>(BasePage.java:28) ~[frameworkium-core-4.0.0-BETA1.jar:?]
	at posmy.interview.qa.pages.GoogleHomePage.<init>(GoogleHomePage.java:12) ~[test-classes/:?]
	... 49 more
2021-03-22 17:39:17.431 [main] FATAL PageFactory - Unable to instantiate PageObject
java.lang.reflect.InvocationTargetException: null
	at jdk.internal.reflect.NativeConstructorAccessorImpl.newInstance0(Native Method) ~[?:?]
	at jdk.internal.reflect.NativeConstructorAccessorImpl.newInstance(NativeConstructorAccessorImpl.java:62) ~[?:?]
	at jdk.internal.reflect.DelegatingConstructorAccessorImpl.newInstance(DelegatingConstructorAccessorImpl.java:45) ~[?:?]
	at java.lang.reflect.Constructor.newInstance(Constructor.java:490) ~[?:?]
	at com.frameworkium.core.ui.pages.PageFactory.instantiatePageObject(PageFactory.java:36) [frameworkium-core-4.0.0-BETA1.jar:?]
	at com.frameworkium.core.ui.pages.PageFactory.newInstance(PageFactory.java:26) [frameworkium-core-4.0.0-BETA1.jar:?]
	at posmy.interview.qa.pages.GoogleHomePage.open(GoogleHomePage.java:19) [test-classes/:?]
	at posmy.interview.qa.glue.StepDefinition.i_am_on_google_search_page(StepDefinition.java:14) [test-classes/:?]
	at jdk.internal.reflect.NativeMethodAccessorImpl.invoke0(Native Method) ~[?:?]
	at jdk.internal.reflect.NativeMethodAccessorImpl.invoke(NativeMethodAccessorImpl.java:62) ~[?:?]
	at jdk.internal.reflect.DelegatingMethodAccessorImpl.invoke(DelegatingMethodAccessorImpl.java:43) ~[?:?]
	at java.lang.reflect.Method.invoke(Method.java:566) ~[?:?]
	at io.cucumber.java.Invoker.doInvoke(Invoker.java:66) [cucumber-java-6.10.2.jar:6.10.2]
	at io.cucumber.java.Invoker.invoke(Invoker.java:24) [cucumber-java-6.10.2.jar:6.10.2]
	at io.cucumber.java.AbstractGlueDefinition.invokeMethod(AbstractGlueDefinition.java:47) [cucumber-java-6.10.2.jar:6.10.2]
	at io.cucumber.java.JavaStepDefinition.execute(JavaStepDefinition.java:29) [cucumber-java-6.10.2.jar:6.10.2]
	at io.cucumber.core.runner.CoreStepDefinition.execute(CoreStepDefinition.java:66) [cucumber-core-6.10.2.jar:6.10.2]
	at io.cucumber.core.runner.PickleStepDefinitionMatch.runStep(PickleStepDefinitionMatch.java:63) [cucumber-core-6.10.2.jar:6.10.2]
	at io.cucumber.core.runner.ExecutionMode$1.execute(ExecutionMode.java:10) [cucumber-core-6.10.2.jar:6.10.2]
	at io.cucumber.core.runner.TestStep.executeStep(TestStep.java:92) [cucumber-core-6.10.2.jar:6.10.2]
	at io.cucumber.core.runner.TestStep.run(TestStep.java:64) [cucumber-core-6.10.2.jar:6.10.2]
	at io.cucumber.core.runner.PickleStepTestStep.run(PickleStepTestStep.java:51) [cucumber-core-6.10.2.jar:6.10.2]
	at io.cucumber.core.runner.TestCase.run(TestCase.java:104) [cucumber-core-6.10.2.jar:6.10.2]
	at io.cucumber.core.runner.Runner.runPickle(Runner.java:73) [cucumber-core-6.10.2.jar:6.10.2]
	at io.cucumber.junit.PickleRunners$NoStepDescriptions.run(PickleRunners.java:151) [cucumber-junit-6.10.2.jar:6.10.2]
	at io.cucumber.junit.FeatureRunner.runChild(FeatureRunner.java:135) [cucumber-junit-6.10.2.jar:6.10.2]
	at io.cucumber.junit.FeatureRunner.runChild(FeatureRunner.java:27) [cucumber-junit-6.10.2.jar:6.10.2]
	at org.junit.runners.ParentRunner$4.run(ParentRunner.java:331) [junit-4.13.2.jar:4.13.2]
	at org.junit.runners.ParentRunner$1.schedule(ParentRunner.java:79) [junit-4.13.2.jar:4.13.2]
	at org.junit.runners.ParentRunner.runChildren(ParentRunner.java:329) [junit-4.13.2.jar:4.13.2]
	at org.junit.runners.ParentRunner.access$100(ParentRunner.java:66) [junit-4.13.2.jar:4.13.2]
	at org.junit.runners.ParentRunner$2.evaluate(ParentRunner.java:293) [junit-4.13.2.jar:4.13.2]
	at org.junit.runners.ParentRunner$3.evaluate(ParentRunner.java:306) [junit-4.13.2.jar:4.13.2]
	at org.junit.runners.ParentRunner.run(ParentRunner.java:413) [junit-4.13.2.jar:4.13.2]
	at io.cucumber.junit.Cucumber.runChild(Cucumber.java:200) [cucumber-junit-6.10.2.jar:6.10.2]
	at io.cucumber.junit.Cucumber.runChild(Cucumber.java:90) [cucumber-junit-6.10.2.jar:6.10.2]
	at org.junit.runners.ParentRunner$4.run(ParentRunner.java:331) [junit-4.13.2.jar:4.13.2]
	at org.junit.runners.ParentRunner$1.schedule(ParentRunner.java:79) [junit-4.13.2.jar:4.13.2]
	at org.junit.runners.ParentRunner.runChildren(ParentRunner.java:329) [junit-4.13.2.jar:4.13.2]
	at org.junit.runners.ParentRunner.access$100(ParentRunner.java:66) [junit-4.13.2.jar:4.13.2]
	at org.junit.runners.ParentRunner$2.evaluate(ParentRunner.java:293) [junit-4.13.2.jar:4.13.2]
	at io.cucumber.junit.Cucumber$RunCucumber.evaluate(Cucumber.java:235) [cucumber-junit-6.10.2.jar:6.10.2]
	at org.junit.runners.ParentRunner$3.evaluate(ParentRunner.java:306) [junit-4.13.2.jar:4.13.2]
	at org.junit.runners.ParentRunner.run(ParentRunner.java:413) [junit-4.13.2.jar:4.13.2]
	at org.junit.runner.JUnitCore.run(JUnitCore.java:137) [junit-4.13.2.jar:4.13.2]
	at com.intellij.junit4.JUnit4IdeaTestRunner.startRunnerWithArgs(JUnit4IdeaTestRunner.java:69) [junit-rt.jar:?]
	at com.intellij.rt.junit.IdeaTestRunner$Repeater.startRunnerWithArgs(IdeaTestRunner.java:33) [junit-rt.jar:?]
	at com.intellij.rt.junit.JUnitStarter.prepareStreamsAndStart(JUnitStarter.java:220) [junit-rt.jar:?]
	at com.intellij.rt.junit.JUnitStarter.main(JUnitStarter.java:53) [junit-rt.jar:?]
Caused by: java.lang.NullPointerException
	at com.frameworkium.core.ui.UITestLifecycle.getWebDriver(UITestLifecycle.java:138) ~[frameworkium-core-4.0.0-BETA1.jar:?]
	at com.frameworkium.core.ui.pages.BasePage.<init>(BasePage.java:28) ~[frameworkium-core-4.0.0-BETA1.jar:?]
	at posmy.interview.qa.pages.GoogleHomePage.<init>(GoogleHomePage.java:12) ~[test-classes/:?]
	... 49 more
2021-03-22 17:39:49.837 [main] FATAL PageFactory - Unable to instantiate PageObject
java.lang.reflect.InvocationTargetException: null
	at jdk.internal.reflect.NativeConstructorAccessorImpl.newInstance0(Native Method) ~[?:?]
	at jdk.internal.reflect.NativeConstructorAccessorImpl.newInstance(NativeConstructorAccessorImpl.java:62) ~[?:?]
	at jdk.internal.reflect.DelegatingConstructorAccessorImpl.newInstance(DelegatingConstructorAccessorImpl.java:45) ~[?:?]
	at java.lang.reflect.Constructor.newInstance(Constructor.java:490) ~[?:?]
	at com.frameworkium.core.ui.pages.PageFactory.instantiatePageObject(PageFactory.java:36) [frameworkium-core-4.0.0-BETA1.jar:?]
	at com.frameworkium.core.ui.pages.PageFactory.newInstance(PageFactory.java:26) [frameworkium-core-4.0.0-BETA1.jar:?]
	at posmy.interview.qa.pages.GoogleHomePage.open(GoogleHomePage.java:19) [test-classes/:?]
	at posmy.interview.qa.glue.StepDefinition.i_am_on_google_search_page(StepDefinition.java:16) [test-classes/:?]
	at jdk.internal.reflect.NativeMethodAccessorImpl.invoke0(Native Method) ~[?:?]
	at jdk.internal.reflect.NativeMethodAccessorImpl.invoke(NativeMethodAccessorImpl.java:62) ~[?:?]
	at jdk.internal.reflect.DelegatingMethodAccessorImpl.invoke(DelegatingMethodAccessorImpl.java:43) ~[?:?]
	at java.lang.reflect.Method.invoke(Method.java:566) ~[?:?]
	at io.cucumber.java.Invoker.doInvoke(Invoker.java:66) [cucumber-java-6.10.2.jar:6.10.2]
	at io.cucumber.java.Invoker.invoke(Invoker.java:24) [cucumber-java-6.10.2.jar:6.10.2]
	at io.cucumber.java.AbstractGlueDefinition.invokeMethod(AbstractGlueDefinition.java:47) [cucumber-java-6.10.2.jar:6.10.2]
	at io.cucumber.java.JavaStepDefinition.execute(JavaStepDefinition.java:29) [cucumber-java-6.10.2.jar:6.10.2]
	at io.cucumber.core.runner.CoreStepDefinition.execute(CoreStepDefinition.java:66) [cucumber-core-6.10.2.jar:6.10.2]
	at io.cucumber.core.runner.PickleStepDefinitionMatch.runStep(PickleStepDefinitionMatch.java:63) [cucumber-core-6.10.2.jar:6.10.2]
	at io.cucumber.core.runner.ExecutionMode$1.execute(ExecutionMode.java:10) [cucumber-core-6.10.2.jar:6.10.2]
	at io.cucumber.core.runner.TestStep.executeStep(TestStep.java:92) [cucumber-core-6.10.2.jar:6.10.2]
	at io.cucumber.core.runner.TestStep.run(TestStep.java:64) [cucumber-core-6.10.2.jar:6.10.2]
	at io.cucumber.core.runner.PickleStepTestStep.run(PickleStepTestStep.java:51) [cucumber-core-6.10.2.jar:6.10.2]
	at io.cucumber.core.runner.TestCase.run(TestCase.java:104) [cucumber-core-6.10.2.jar:6.10.2]
	at io.cucumber.core.runner.Runner.runPickle(Runner.java:73) [cucumber-core-6.10.2.jar:6.10.2]
	at io.cucumber.junit.PickleRunners$NoStepDescriptions.run(PickleRunners.java:151) [cucumber-junit-6.10.2.jar:6.10.2]
	at io.cucumber.junit.FeatureRunner.runChild(FeatureRunner.java:135) [cucumber-junit-6.10.2.jar:6.10.2]
	at io.cucumber.junit.FeatureRunner.runChild(FeatureRunner.java:27) [cucumber-junit-6.10.2.jar:6.10.2]
	at org.junit.runners.ParentRunner$4.run(ParentRunner.java:331) [junit-4.13.2.jar:4.13.2]
	at org.junit.runners.ParentRunner$1.schedule(ParentRunner.java:79) [junit-4.13.2.jar:4.13.2]
	at org.junit.runners.ParentRunner.runChildren(ParentRunner.java:329) [junit-4.13.2.jar:4.13.2]
	at org.junit.runners.ParentRunner.access$100(ParentRunner.java:66) [junit-4.13.2.jar:4.13.2]
	at org.junit.runners.ParentRunner$2.evaluate(ParentRunner.java:293) [junit-4.13.2.jar:4.13.2]
	at org.junit.runners.ParentRunner$3.evaluate(ParentRunner.java:306) [junit-4.13.2.jar:4.13.2]
	at org.junit.runners.ParentRunner.run(ParentRunner.java:413) [junit-4.13.2.jar:4.13.2]
	at io.cucumber.junit.Cucumber.runChild(Cucumber.java:200) [cucumber-junit-6.10.2.jar:6.10.2]
	at io.cucumber.junit.Cucumber.runChild(Cucumber.java:90) [cucumber-junit-6.10.2.jar:6.10.2]
	at org.junit.runners.ParentRunner$4.run(ParentRunner.java:331) [junit-4.13.2.jar:4.13.2]
	at org.junit.runners.ParentRunner$1.schedule(ParentRunner.java:79) [junit-4.13.2.jar:4.13.2]
	at org.junit.runners.ParentRunner.runChildren(ParentRunner.java:329) [junit-4.13.2.jar:4.13.2]
	at org.junit.runners.ParentRunner.access$100(ParentRunner.java:66) [junit-4.13.2.jar:4.13.2]
	at org.junit.runners.ParentRunner$2.evaluate(ParentRunner.java:293) [junit-4.13.2.jar:4.13.2]
	at io.cucumber.junit.Cucumber$RunCucumber.evaluate(Cucumber.java:235) [cucumber-junit-6.10.2.jar:6.10.2]
	at org.junit.runners.ParentRunner$3.evaluate(ParentRunner.java:306) [junit-4.13.2.jar:4.13.2]
	at org.junit.runners.ParentRunner.run(ParentRunner.java:413) [junit-4.13.2.jar:4.13.2]
	at org.junit.runner.JUnitCore.run(JUnitCore.java:137) [junit-4.13.2.jar:4.13.2]
	at com.intellij.junit4.JUnit4IdeaTestRunner.startRunnerWithArgs(JUnit4IdeaTestRunner.java:69) [junit-rt.jar:?]
	at com.intellij.rt.junit.IdeaTestRunner$Repeater.startRunnerWithArgs(IdeaTestRunner.java:33) [junit-rt.jar:?]
	at com.intellij.rt.junit.JUnitStarter.prepareStreamsAndStart(JUnitStarter.java:220) [junit-rt.jar:?]
	at com.intellij.rt.junit.JUnitStarter.main(JUnitStarter.java:53) [junit-rt.jar:?]
Caused by: java.lang.NullPointerException
	at com.frameworkium.core.ui.UITestLifecycle.getWebDriver(UITestLifecycle.java:138) ~[frameworkium-core-4.0.0-BETA1.jar:?]
	at com.frameworkium.core.ui.pages.BasePage.<init>(BasePage.java:28) ~[frameworkium-core-4.0.0-BETA1.jar:?]
	at posmy.interview.qa.pages.GoogleHomePage.<init>(GoogleHomePage.java:12) ~[test-classes/:?]
	... 49 more
